<html xmlns:math="http://exslt.org/math" xmlns:testng="http://testng.org">
   <head>
      <title>TestNG Results</title>
      <meta http-equiv="content-type" content="text/html; charset=utf-8"></meta>
      <meta http-equiv="pragma" content="no-cache"></meta>
      <meta http-equiv="cache-control" content="max-age=0"></meta>
      <meta http-equiv="cache-control" content="no-cache"></meta>
      <meta http-equiv="cache-control" content="no-store"></meta>
      <LINK rel="stylesheet" href="style.css"></LINK>
      <script type="text/javascript" src="main.js"></script>
   </head>
   <body>
      <table width="100%" style="font-size: 16px; margin-bottom: 10px;" cellspacing="1">
         <tr>
            <td width="100%">
               Test case
               
               <b>Default test</b>
            </td>
            <td style="background-color: #FFBBBB; padding: 3px 3px 3px 0;" align="center">
               <div style="width: 50px;">0</div>
            </td>
            <td style="background-color: lightgreen; padding: 3px 3px 3px 0;" align="center">
               <div style="width: 50px;">0</div>
            </td>
            <td style="background-color: #FFFFBB; padding: 3px 3px 3px 0;" align="center">
               <div style="width: 50px;">2</div>
            </td>
            <td align="center" style="background-color: #eaf0f7; padding: 3px 3px 3px 0;">
               <div style="width: 50px;">2</div>
            </td>
            <td align="center"
                style="font-weight: bold; background-color: #eaf0f7; padding: 3px 3px 3px 0;">
               <div style="width: 50px;">0%</div>
            </td>
            <td style="background-color: #eaf0f7; padding: 3px 3px 3px 0;" align="center"
                nowrap="true">4 ms
               
            </td>
         </tr>
      </table>
      <div style="width: 200px;">
         <label for="groupMethodsCheckBox" style="font-weight: bold; margin: 0;">
            <input id="groupMethodsCheckBox" type="checkbox" onclick="switchTestMethodsView(this)"></input>
            Group by class
            
         </label>
         <br></br>
         <label for="methodsFilter_ALL" style="font-weight: bold; margin: 0;">
            <input id="methodsFilter_ALL" type="checkbox"
                   onclick="testMethodsFilterChanged(this, 'ALL')"></input>
            All
            
         </label>
      </div>
      <label for="methodsFilter_FAIL" style="margin-left: 20px;">
         <input id="methodsFilter_FAIL" type="checkbox"
                onclick="testMethodsFilterChanged(this, 'FAIL')"
                checked=""></input>
         Failed
         
      </label>
      <label for="methodsFilter_PASS">
         <input id="methodsFilter_PASS" type="checkbox"
                onclick="testMethodsFilterChanged(this, 'PASS')"
                checked=""></input>
         Passed
         
      </label>
      <label for="methodsFilter_SKIP">
         <input id="methodsFilter_SKIP" type="checkbox"
                onclick="testMethodsFilterChanged(this, 'SKIP')"
                checked=""></input>
         Skipped
         
      </label>
      <label for="methodsFilter_CONF">
         <input id="methodsFilter_CONF" type="checkbox"
                onclick="testMethodsFilterChanged(this, 'CONF')"></input>
         Config
         
      </label>
      <br></br>
      <div id="testMethodsByStatus">
         <table class="testMethodsTable" cellpadding="0" cellspacing="0">
            <tr class="methodsTableHeader">
               <td width="100%">Name</td>
               <td nowrap="true">Started</td>
               <td nowrap="true">Duration</td>
               <td>Exception</td>
            </tr>
            <tr id="com.paic.testcases.Example_Login_initialDriver_byStatus_failed_FAIL1_row"
                class="testMethodStatusFAIL testMethodStatusCONF">
               <td width="100%" class="firstMethodCell">
                  <a onclick="toggleDetailsVisibility('com.paic.testcases.Example_Login_initialDriver_byStatus_failed_FAIL1_details')">initialDriver()</a>
               </td>
               <td nowrap="true">16:03:15</td>
               <td nowrap="true" align="right">0 ms
                  
               </td>
               <td nowrap="true">
                  <a onclick="toggleDetailsVisibility('com.paic.testcases.Example_Login_initialDriver_byStatus_failed_FAIL1_exception')">org.openqa.selenium.WebDriverException: 
                     unknown error: Chrome version must be &gt;= 40.0.2214.0
                     (Driver info: chromedriver=2.15.322448 (52179c1b310fec1797c81ea9a20326839860b7d3),platform=Windows NT 6.1 SP1 x86) (WARNING:
                     The server did not provide any stacktrace information)
                     Command duration or timeout: 7.61 seconds
                     Build info: version: '2.46.0', revision: '87c69e2', time: '2015-06-04 16:17:10'
                     System info: host: 'WIN-PS4RD923IT5', ip: '192.168.184.130', os.name: 'Windows 7', os.arch: 'x86', os.version: '6.1', java.version:
                     '1.7.0_79'
                     Driver info: org.openqa.selenium.chrome.ChromeDriver
                     
                  </a>
                   
                  
               </td>
            </tr>
            <tr>
               <td colspan="4"
                   style="padding: 0; background-color: white; border-style: none; height: 0px;">
                  <div id="com.paic.testcases.Example_Login_initialDriver_byStatus_failed_FAIL1_details"
                       class="testMethodDetails">
                     <div>
                        <b>Name:
                           
                        </b>initialDriver
                     </div>
                     <div>
                        <b>Signature:
                           
                        </b>initialDriver()[pri:0, instance:com.paic.testcases.Example_Login@217dc8]
                     </div>
                     <div>
                        <b>Start time:
                           
                        </b>16:03:15
                     </div>
                     <div>
                        <b>End time:
                           
                        </b>16:03:15
                     </div>
                     <div>
                        <b>Duration:
                           
                        </b>0 ms
                        
                     </div>
                  </div>
               </td>
            </tr>
            <tr>
               <td colspan="4"
                   style="padding: 0; background-color: white; border-style: none; height: 0px;">
                  <div id="com.paic.testcases.Example_Login_initialDriver_byStatus_failed_FAIL1_exception"
                       class="testMethodDetails">
                     <pre style="padding: 5px; margin: 0;">org.openqa.selenium.WebDriverException: unknown error: Chrome version must be &gt;= 40.0.2214.0
                        (Driver info: chromedriver=2.15.322448 (52179c1b310fec1797c81ea9a20326839860b7d3),platform=Windows NT 6.1 SP1 x86) (WARNING:
                        The server did not provide any stacktrace information)
                        Command duration or timeout: 7.61 seconds
                        Build info: version: '2.46.0', revision: '87c69e2', time: '2015-06-04 16:17:10'
                        System info: host: 'WIN-PS4RD923IT5', ip: '192.168.184.130', os.name: 'Windows 7', os.arch: 'x86', os.version: '6.1', java.version:
                        '1.7.0_79'
                        Driver info: org.openqa.selenium.chrome.ChromeDriver
                        	at sun.reflect.NativeConstructorAccessorImpl.newInstance0(Native Method)
                        	at sun.reflect.NativeConstructorAccessorImpl.newInstance(Unknown Source)
                        	at sun.reflect.DelegatingConstructorAccessorImpl.newInstance(Unknown Source)
                        	at java.lang.reflect.Constructor.newInstance(Unknown Source)
                        	at org.openqa.selenium.remote.ErrorHandler.createThrowable(ErrorHandler.java:204)
                        	at org.openqa.selenium.remote.ErrorHandler.throwIfResponseFailed(ErrorHandler.java:156)
                        	at org.openqa.selenium.remote.RemoteWebDriver.execute(RemoteWebDriver.java:605)
                        	at org.openqa.selenium.remote.RemoteWebDriver.startSession(RemoteWebDriver.java:242)
                        	at org.openqa.selenium.remote.RemoteWebDriver.&lt;init&gt;(RemoteWebDriver.java:128)
                        	at org.openqa.selenium.remote.RemoteWebDriver.&lt;init&gt;(RemoteWebDriver.java:141)
                        	at org.openqa.selenium.chrome.ChromeDriver.&lt;init&gt;(ChromeDriver.java:170)
                        	at org.openqa.selenium.chrome.ChromeDriver.&lt;init&gt;(ChromeDriver.java:159)
                        	at org.openqa.selenium.chrome.ChromeDriver.&lt;init&gt;(ChromeDriver.java:116)
                        	at com.paic.base.SeleniumDriver.initialDriver(SeleniumDriver.java:56)
                        	at com.paic.base.SeleniumDriver.&lt;init&gt;(SeleniumDriver.java:28)
                        	at com.paic.base.TestBase.initialDriver(TestBase.java:70)
                        	at sun.reflect.NativeMethodAccessorImpl.invoke0(Native Method)
                        	at sun.reflect.NativeMethodAccessorImpl.invoke(Unknown Source)
                        	at sun.reflect.DelegatingMethodAccessorImpl.invoke(Unknown Source)
                        	at java.lang.reflect.Method.invoke(Unknown Source)
                        	at org.testng.internal.MethodInvocationHelper.invokeMethod(MethodInvocationHelper.java:84)
                        	at org.testng.internal.Invoker.invokeConfigurationMethod(Invoker.java:564)
                        	at org.testng.internal.Invoker.invokeConfigurations(Invoker.java:213)
                        	at org.testng.internal.Invoker.invokeConfigurations(Invoker.java:138)
                        	at org.testng.internal.TestMethodWorker.invokeBeforeClassMethods(TestMethodWorker.java:175)
                        	at org.testng.internal.TestMethodWorker.run(TestMethodWorker.java:107)
                        	at org.testng.TestRunner.privateRun(TestRunner.java:767)
                        	at org.testng.TestRunner.run(TestRunner.java:617)
                        	at org.testng.SuiteRunner.runTest(SuiteRunner.java:334)
                        	at org.testng.SuiteRunner.runSequentially(SuiteRunner.java:329)
                        	at org.testng.SuiteRunner.privateRun(SuiteRunner.java:291)
                        	at org.testng.SuiteRunner.run(SuiteRunner.java:240)
                        	at org.testng.SuiteRunnerWorker.runSuite(SuiteRunnerWorker.java:52)
                        	at org.testng.SuiteRunnerWorker.run(SuiteRunnerWorker.java:86)
                        	at org.testng.TestNG.runSuitesSequentially(TestNG.java:1224)
                        	at org.testng.TestNG.runSuitesLocally(TestNG.java:1149)
                        	at org.testng.TestNG.run(TestNG.java:1057)
                        	at org.testng.remote.RemoteTestNG.run(RemoteTestNG.java:111)
                        	at org.testng.remote.RemoteTestNG.initAndRun(RemoteTestNG.java:204)
                        	at org.testng.remote.RemoteTestNG.main(RemoteTestNG.java:175)
                     </pre>
                  </div>
               </td>
            </tr>
            <tr id="com.paic.testcases.Example_Login_testFailLogin_byStatus_skiped_SKIP1_row"
                class="testMethodStatusSKIP">
               <td width="100%" class="firstMethodCell">
                  <a onclick="toggleDetailsVisibility('com.paic.testcases.Example_Login_testFailLogin_byStatus_skiped_SKIP1_details')">testFailLogin({username=test, password=123456, url=http://www.jd.com})</a>
               </td>
               <td nowrap="true">16:03:26</td>
               <td nowrap="true" align="right">3 ms
                  
               </td>
               <td nowrap="true">
                   
                  
               </td>
            </tr>
            <tr>
               <td colspan="4"
                   style="padding: 0; background-color: white; border-style: none; height: 0px;">
                  <div id="com.paic.testcases.Example_Login_testFailLogin_byStatus_skiped_SKIP1_details"
                       class="testMethodDetails">
                     <div>
                        <b>Name:
                           
                        </b>testFailLogin
                     </div>
                     <div>
                        <b>Signature:
                           
                        </b>testFailLogin(java.util.Map)[pri:0, instance:com.paic.testcases.Example_Login@217dc8]
                     </div>
                     <div>
                        <b>Parameters:
                           
                        </b>
                        
                        {username=test, password=123456, url=http://www.jd.com}
                        
                        
                     </div>
                     <div>
                        <b>Start time:
                           
                        </b>16:03:26
                     </div>
                     <div>
                        <b>End time:
                           
                        </b>16:03:26
                     </div>
                     <div>
                        <b>Duration:
                           
                        </b>3 ms
                        
                     </div>
                  </div>
               </td>
            </tr>
            <tr></tr>
            <tr id="com.paic.testcases.Example_Login_testFailLogin_byStatus_skiped_SKIP2_row"
                class="testMethodStatusSKIP">
               <td width="100%" class="firstMethodCell">
                  <a onclick="toggleDetailsVisibility('com.paic.testcases.Example_Login_testFailLogin_byStatus_skiped_SKIP2_details')">testFailLogin({username=test1, password=123456, url=http://www.jd.com})</a>
               </td>
               <td nowrap="true">16:03:26</td>
               <td nowrap="true" align="right">1 ms
                  
               </td>
               <td nowrap="true">
                   
                  
               </td>
            </tr>
            <tr>
               <td colspan="4"
                   style="padding: 0; background-color: white; border-style: none; height: 0px;">
                  <div id="com.paic.testcases.Example_Login_testFailLogin_byStatus_skiped_SKIP2_details"
                       class="testMethodDetails">
                     <div>
                        <b>Name:
                           
                        </b>testFailLogin
                     </div>
                     <div>
                        <b>Signature:
                           
                        </b>testFailLogin(java.util.Map)[pri:0, instance:com.paic.testcases.Example_Login@217dc8]
                     </div>
                     <div>
                        <b>Parameters:
                           
                        </b>
                        
                        {username=test1, password=123456, url=http://www.jd.com}
                        
                        
                     </div>
                     <div>
                        <b>Start time:
                           
                        </b>16:03:26
                     </div>
                     <div>
                        <b>End time:
                           
                        </b>16:03:26
                     </div>
                     <div>
                        <b>Duration:
                           
                        </b>1 ms
                        
                     </div>
                  </div>
               </td>
            </tr>
            <tr></tr>
            <tr id="com.paic.testcases.Example_Login_closeDriver_byStatus_skiped_SKIP3_row"
                class="testMethodStatusSKIP testMethodStatusCONF">
               <td width="100%" class="firstMethodCell">
                  <a onclick="toggleDetailsVisibility('com.paic.testcases.Example_Login_closeDriver_byStatus_skiped_SKIP3_details')">closeDriver()</a>
               </td>
               <td nowrap="true">16:03:26</td>
               <td nowrap="true" align="right">0 ms
                  
               </td>
               <td nowrap="true">
                   
                  
               </td>
            </tr>
            <tr>
               <td colspan="4"
                   style="padding: 0; background-color: white; border-style: none; height: 0px;">
                  <div id="com.paic.testcases.Example_Login_closeDriver_byStatus_skiped_SKIP3_details"
                       class="testMethodDetails">
                     <div>
                        <b>Name:
                           
                        </b>closeDriver
                     </div>
                     <div>
                        <b>Signature:
                           
                        </b>closeDriver()[pri:0, instance:com.paic.testcases.Example_Login@217dc8]
                     </div>
                     <div>
                        <b>Start time:
                           
                        </b>16:03:26
                     </div>
                     <div>
                        <b>End time:
                           
                        </b>16:03:26
                     </div>
                     <div>
                        <b>Duration:
                           
                        </b>0 ms
                        
                     </div>
                  </div>
               </td>
            </tr>
            <tr></tr>
         </table>
      </div>
      <div id="testMethodsByClass" style="display: none;">
         <table class="testMethodsTable" cellpadding="0" cellspacing="0">
            <tr>
               <td colspan="4">
                  <h3 style="display: inline;">com.paic.testcases.Example_Login</h3>
               </td>
            </tr>
            <tr class="methodsTableHeader">
               <td width="100%">Name</td>
               <td nowrap="true">Started</td>
               <td nowrap="true">Duration</td>
               <td>Exception</td>
            </tr>
            <tr id="com.paic.testcases.Example_Login_initialDriver_byClass_FAIL1_row"
                class="testMethodStatusFAIL testMethodStatusCONF">
               <td width="100%" class="firstMethodCell">
                  <a onclick="toggleDetailsVisibility('com.paic.testcases.Example_Login_initialDriver_byClass_FAIL1_details')">initialDriver()</a>
               </td>
               <td nowrap="true">16:03:15</td>
               <td nowrap="true" align="right">0 ms
                  
               </td>
               <td nowrap="true">
                  <a onclick="toggleDetailsVisibility('com.paic.testcases.Example_Login_initialDriver_byClass_FAIL1_exception')">org.openqa.selenium.WebDriverException: 
                     unknown error: Chrome version must be &gt;= 40.0.2214.0
                     (Driver info: chromedriver=2.15.322448 (52179c1b310fec1797c81ea9a20326839860b7d3),platform=Windows NT 6.1 SP1 x86) (WARNING:
                     The server did not provide any stacktrace information)
                     Command duration or timeout: 7.61 seconds
                     Build info: version: '2.46.0', revision: '87c69e2', time: '2015-06-04 16:17:10'
                     System info: host: 'WIN-PS4RD923IT5', ip: '192.168.184.130', os.name: 'Windows 7', os.arch: 'x86', os.version: '6.1', java.version:
                     '1.7.0_79'
                     Driver info: org.openqa.selenium.chrome.ChromeDriver
                     
                  </a>
                   
                  
               </td>
            </tr>
            <tr>
               <td colspan="4"
                   style="padding: 0; background-color: white; border-style: none; height: 0px;">
                  <div id="com.paic.testcases.Example_Login_initialDriver_byClass_FAIL1_details"
                       class="testMethodDetails">
                     <div>
                        <b>Name:
                           
                        </b>initialDriver
                     </div>
                     <div>
                        <b>Signature:
                           
                        </b>initialDriver()[pri:0, instance:com.paic.testcases.Example_Login@217dc8]
                     </div>
                     <div>
                        <b>Start time:
                           
                        </b>16:03:15
                     </div>
                     <div>
                        <b>End time:
                           
                        </b>16:03:15
                     </div>
                     <div>
                        <b>Duration:
                           
                        </b>0 ms
                        
                     </div>
                  </div>
               </td>
            </tr>
            <tr>
               <td colspan="4"
                   style="padding: 0; background-color: white; border-style: none; height: 0px;">
                  <div id="com.paic.testcases.Example_Login_initialDriver_byClass_FAIL1_exception"
                       class="testMethodDetails">
                     <pre style="padding: 5px; margin: 0;">org.openqa.selenium.WebDriverException: unknown error: Chrome version must be &gt;= 40.0.2214.0
                        (Driver info: chromedriver=2.15.322448 (52179c1b310fec1797c81ea9a20326839860b7d3),platform=Windows NT 6.1 SP1 x86) (WARNING:
                        The server did not provide any stacktrace information)
                        Command duration or timeout: 7.61 seconds
                        Build info: version: '2.46.0', revision: '87c69e2', time: '2015-06-04 16:17:10'
                        System info: host: 'WIN-PS4RD923IT5', ip: '192.168.184.130', os.name: 'Windows 7', os.arch: 'x86', os.version: '6.1', java.version:
                        '1.7.0_79'
                        Driver info: org.openqa.selenium.chrome.ChromeDriver
                        	at sun.reflect.NativeConstructorAccessorImpl.newInstance0(Native Method)
                        	at sun.reflect.NativeConstructorAccessorImpl.newInstance(Unknown Source)
                        	at sun.reflect.DelegatingConstructorAccessorImpl.newInstance(Unknown Source)
                        	at java.lang.reflect.Constructor.newInstance(Unknown Source)
                        	at org.openqa.selenium.remote.ErrorHandler.createThrowable(ErrorHandler.java:204)
                        	at org.openqa.selenium.remote.ErrorHandler.throwIfResponseFailed(ErrorHandler.java:156)
                        	at org.openqa.selenium.remote.RemoteWebDriver.execute(RemoteWebDriver.java:605)
                        	at org.openqa.selenium.remote.RemoteWebDriver.startSession(RemoteWebDriver.java:242)
                        	at org.openqa.selenium.remote.RemoteWebDriver.&lt;init&gt;(RemoteWebDriver.java:128)
                        	at org.openqa.selenium.remote.RemoteWebDriver.&lt;init&gt;(RemoteWebDriver.java:141)
                        	at org.openqa.selenium.chrome.ChromeDriver.&lt;init&gt;(ChromeDriver.java:170)
                        	at org.openqa.selenium.chrome.ChromeDriver.&lt;init&gt;(ChromeDriver.java:159)
                        	at org.openqa.selenium.chrome.ChromeDriver.&lt;init&gt;(ChromeDriver.java:116)
                        	at com.paic.base.SeleniumDriver.initialDriver(SeleniumDriver.java:56)
                        	at com.paic.base.SeleniumDriver.&lt;init&gt;(SeleniumDriver.java:28)
                        	at com.paic.base.TestBase.initialDriver(TestBase.java:70)
                        	at sun.reflect.NativeMethodAccessorImpl.invoke0(Native Method)
                        	at sun.reflect.NativeMethodAccessorImpl.invoke(Unknown Source)
                        	at sun.reflect.DelegatingMethodAccessorImpl.invoke(Unknown Source)
                        	at java.lang.reflect.Method.invoke(Unknown Source)
                        	at org.testng.internal.MethodInvocationHelper.invokeMethod(MethodInvocationHelper.java:84)
                        	at org.testng.internal.Invoker.invokeConfigurationMethod(Invoker.java:564)
                        	at org.testng.internal.Invoker.invokeConfigurations(Invoker.java:213)
                        	at org.testng.internal.Invoker.invokeConfigurations(Invoker.java:138)
                        	at org.testng.internal.TestMethodWorker.invokeBeforeClassMethods(TestMethodWorker.java:175)
                        	at org.testng.internal.TestMethodWorker.run(TestMethodWorker.java:107)
                        	at org.testng.TestRunner.privateRun(TestRunner.java:767)
                        	at org.testng.TestRunner.run(TestRunner.java:617)
                        	at org.testng.SuiteRunner.runTest(SuiteRunner.java:334)
                        	at org.testng.SuiteRunner.runSequentially(SuiteRunner.java:329)
                        	at org.testng.SuiteRunner.privateRun(SuiteRunner.java:291)
                        	at org.testng.SuiteRunner.run(SuiteRunner.java:240)
                        	at org.testng.SuiteRunnerWorker.runSuite(SuiteRunnerWorker.java:52)
                        	at org.testng.SuiteRunnerWorker.run(SuiteRunnerWorker.java:86)
                        	at org.testng.TestNG.runSuitesSequentially(TestNG.java:1224)
                        	at org.testng.TestNG.runSuitesLocally(TestNG.java:1149)
                        	at org.testng.TestNG.run(TestNG.java:1057)
                        	at org.testng.remote.RemoteTestNG.run(RemoteTestNG.java:111)
                        	at org.testng.remote.RemoteTestNG.initAndRun(RemoteTestNG.java:204)
                        	at org.testng.remote.RemoteTestNG.main(RemoteTestNG.java:175)
                     </pre>
                  </div>
               </td>
            </tr>
            <tr id="com.paic.testcases.Example_Login_testFailLogin_byClass_SKIP2_row"
                class="testMethodStatusSKIP">
               <td width="100%" class="firstMethodCell">
                  <a onclick="toggleDetailsVisibility('com.paic.testcases.Example_Login_testFailLogin_byClass_SKIP2_details')">testFailLogin({username=test, password=123456, url=http://www.jd.com})</a>
               </td>
               <td nowrap="true">16:03:26</td>
               <td nowrap="true" align="right">3 ms
                  
               </td>
               <td nowrap="true">
                   
                  
               </td>
            </tr>
            <tr>
               <td colspan="4"
                   style="padding: 0; background-color: white; border-style: none; height: 0px;">
                  <div id="com.paic.testcases.Example_Login_testFailLogin_byClass_SKIP2_details"
                       class="testMethodDetails">
                     <div>
                        <b>Name:
                           
                        </b>testFailLogin
                     </div>
                     <div>
                        <b>Signature:
                           
                        </b>testFailLogin(java.util.Map)[pri:0, instance:com.paic.testcases.Example_Login@217dc8]
                     </div>
                     <div>
                        <b>Parameters:
                           
                        </b>
                        
                        {username=test, password=123456, url=http://www.jd.com}
                        
                        
                     </div>
                     <div>
                        <b>Start time:
                           
                        </b>16:03:26
                     </div>
                     <div>
                        <b>End time:
                           
                        </b>16:03:26
                     </div>
                     <div>
                        <b>Duration:
                           
                        </b>3 ms
                        
                     </div>
                  </div>
               </td>
            </tr>
            <tr></tr>
            <tr id="com.paic.testcases.Example_Login_testFailLogin_byClass_SKIP3_row"
                class="testMethodStatusSKIP">
               <td width="100%" class="firstMethodCell">
                  <a onclick="toggleDetailsVisibility('com.paic.testcases.Example_Login_testFailLogin_byClass_SKIP3_details')">testFailLogin({username=test1, password=123456, url=http://www.jd.com})</a>
               </td>
               <td nowrap="true">16:03:26</td>
               <td nowrap="true" align="right">1 ms
                  
               </td>
               <td nowrap="true">
                   
                  
               </td>
            </tr>
            <tr>
               <td colspan="4"
                   style="padding: 0; background-color: white; border-style: none; height: 0px;">
                  <div id="com.paic.testcases.Example_Login_testFailLogin_byClass_SKIP3_details"
                       class="testMethodDetails">
                     <div>
                        <b>Name:
                           
                        </b>testFailLogin
                     </div>
                     <div>
                        <b>Signature:
                           
                        </b>testFailLogin(java.util.Map)[pri:0, instance:com.paic.testcases.Example_Login@217dc8]
                     </div>
                     <div>
                        <b>Parameters:
                           
                        </b>
                        
                        {username=test1, password=123456, url=http://www.jd.com}
                        
                        
                     </div>
                     <div>
                        <b>Start time:
                           
                        </b>16:03:26
                     </div>
                     <div>
                        <b>End time:
                           
                        </b>16:03:26
                     </div>
                     <div>
                        <b>Duration:
                           
                        </b>1 ms
                        
                     </div>
                  </div>
               </td>
            </tr>
            <tr></tr>
            <tr id="com.paic.testcases.Example_Login_closeDriver_byClass_SKIP4_row"
                class="testMethodStatusSKIP testMethodStatusCONF">
               <td width="100%" class="firstMethodCell">
                  <a onclick="toggleDetailsVisibility('com.paic.testcases.Example_Login_closeDriver_byClass_SKIP4_details')">closeDriver()</a>
               </td>
               <td nowrap="true">16:03:26</td>
               <td nowrap="true" align="right">0 ms
                  
               </td>
               <td nowrap="true">
                   
                  
               </td>
            </tr>
            <tr>
               <td colspan="4"
                   style="padding: 0; background-color: white; border-style: none; height: 0px;">
                  <div id="com.paic.testcases.Example_Login_closeDriver_byClass_SKIP4_details"
                       class="testMethodDetails">
                     <div>
                        <b>Name:
                           
                        </b>closeDriver
                     </div>
                     <div>
                        <b>Signature:
                           
                        </b>closeDriver()[pri:0, instance:com.paic.testcases.Example_Login@217dc8]
                     </div>
                     <div>
                        <b>Start time:
                           
                        </b>16:03:26
                     </div>
                     <div>
                        <b>End time:
                           
                        </b>16:03:26
                     </div>
                     <div>
                        <b>Duration:
                           
                        </b>0 ms
                        
                     </div>
                  </div>
               </td>
            </tr>
            <tr></tr>
         </table>
         <br></br>
      </div>
      <div style="margin-top: 15px; color: gray; text-align: center; font-size: 9px;">
         Generated with
         
         <a href="http://code.google.com/p/testng-xslt/" style="color: #8888aa;"
            target="_blank">
            TestNG XSLT
            
         </a>
      </div>
   </body>
</html>