<?xml version="1.0" encoding="UTF-8"?>
<!-- Generated by org.testng.reporters.JUnitReportReporter -->
<testsuite hostname="FTQSH-L5220" name="com.emall.insurance.testcases.BuyPropertyInsuranceWithPendingStatusFlow" tests="20" failures="5" timestamp="16 Jul 2015 09:24:51 GMT" time="271.226" errors="0">
  <testcase name="VerifyInsuranceInfo" time="16.457" classname="com.emall.insurance.testcases.BuyPropertyInsuranceWithPendingStatusFlow"/>
  <testcase name="VerifyPageSwitch" time="12.236" classname="com.emall.insurance.testcases.BuyPropertyInsuranceWithPendingStatusFlow"/>
  <testcase name="VerifyOrderStatus_NoPay" time="18.856" classname="com.emall.insurance.testcases.BuyPropertyInsuranceWithPendingStatusFlow"/>
  <testcase name="CoutinuePayAndVerify" time="0.120" classname="com.emall.insurance.testcases.BuyPropertyInsuranceWithPendingStatusFlow">
    <failure type="org.openqa.selenium.NoAlertPresentException" message="no alert open
  (Session info: chrome=41.0.2272.118)
  (Driver info: chromedriver=2.15.322448 (52179c1b310fec1797c81ea9a20326839860b7d3),platform=Windows NT 6.1 SP1 x86) (WARNING: The server did not provide any stacktrace information)
Command duration or timeout: 3 milliseconds
Build info: version: &#039;2.46.0&#039;, revision: &#039;87c69e2&#039;, time: &#039;2015-06-04 16:17:10&#039;
System info: host: &#039;FTQSH-L5220&#039;, ip: &#039;10.28.32.57&#039;, os.name: &#039;Windows 7&#039;, os.arch: &#039;x86&#039;, os.version: &#039;6.1&#039;, java.version: &#039;1.7.0_45&#039;
Session ID: 8239f64f43003789141d14cc855a77ec
Driver info: org.openqa.selenium.chrome.ChromeDriver
Capabilities [{platform=XP, acceptSslCerts=true, javascriptEnabled=true, browserName=chrome, chrome={userDataDir=D:\Users\WEIBAI~1\AppData\Local\Temp\scoped_dir5456_29975}, rotatable=false, locationContextEnabled=true, mobileEmulationEnabled=false, version=41.0.2272.118, takesHeapSnapshot=true, cssSelectorsEnabled=true, databaseEnabled=false, handlesAlerts=true, browserConnectionEnabled=false, webStorageEnabled=true, nativeEvents=true, applicationCacheEnabled=false, takesScreenshot=true}]">
      <![CDATA[org.openqa.selenium.NoAlertPresentException: no alert open
  (Session info: chrome=41.0.2272.118)
  (Driver info: chromedriver=2.15.322448 (52179c1b310fec1797c81ea9a20326839860b7d3),platform=Windows NT 6.1 SP1 x86) (WARNING: The server did not provide any stacktrace information)
Command duration or timeout: 3 milliseconds
Build info: version: '2.46.0', revision: '87c69e2', time: '2015-06-04 16:17:10'
System info: host: 'FTQSH-L5220', ip: '10.28.32.57', os.name: 'Windows 7', os.arch: 'x86', os.version: '6.1', java.version: '1.7.0_45'
Session ID: 8239f64f43003789141d14cc855a77ec
Driver info: org.openqa.selenium.chrome.ChromeDriver
Capabilities [{platform=XP, acceptSslCerts=true, javascriptEnabled=true, browserName=chrome, chrome={userDataDir=D:\Users\WEIBAI~1\AppData\Local\Temp\scoped_dir5456_29975}, rotatable=false, locationContextEnabled=true, mobileEmulationEnabled=false, version=41.0.2272.118, takesHeapSnapshot=true, cssSelectorsEnabled=true, databaseEnabled=false, handlesAlerts=true, browserConnectionEnabled=false, webStorageEnabled=true, nativeEvents=true, applicationCacheEnabled=false, takesScreenshot=true}]
	at sun.reflect.NativeConstructorAccessorImpl.newInstance0(Native Method)
	at sun.reflect.NativeConstructorAccessorImpl.newInstance(Unknown Source)
	at sun.reflect.DelegatingConstructorAccessorImpl.newInstance(Unknown Source)
	at java.lang.reflect.Constructor.newInstance(Unknown Source)
	at org.openqa.selenium.remote.ErrorHandler.createThrowable(ErrorHandler.java:204)
	at org.openqa.selenium.remote.ErrorHandler.throwIfResponseFailed(ErrorHandler.java:156)
	at org.openqa.selenium.remote.RemoteWebDriver.execute(RemoteWebDriver.java:605)
	at org.openqa.selenium.remote.RemoteWebDriver.execute(RemoteWebDriver.java:628)
	at org.openqa.selenium.remote.RemoteWebDriver$RemoteTargetLocator.alert(RemoteWebDriver.java:922)
	at com.emall.base.BasePage.acceptAlert(BasePage.java:163)
	at com.emall.fo.business.Emall_LoginAndOrderPage.payPageAndVerify(Emall_LoginAndOrderPage.java:172)
	at com.emall.insurance.testcases.BuyPropertyInsuranceWithPendingStatusFlow.CoutinuePayAndVerify(BuyPropertyInsuranceWithPendingStatusFlow.java:214)
	at sun.reflect.NativeMethodAccessorImpl.invoke0(Native Method)
	at sun.reflect.NativeMethodAccessorImpl.invoke(Unknown Source)
	at sun.reflect.DelegatingMethodAccessorImpl.invoke(Unknown Source)
	at java.lang.reflect.Method.invoke(Unknown Source)
	at org.testng.internal.MethodInvocationHelper.invokeMethod(MethodInvocationHelper.java:84)
	at org.testng.internal.Invoker.invokeMethod(Invoker.java:714)
	at org.testng.internal.Invoker.invokeTestMethod(Invoker.java:901)
	at org.testng.internal.Invoker.invokeTestMethods(Invoker.java:1231)
	at org.testng.internal.TestMethodWorker.invokeTestMethods(TestMethodWorker.java:127)
	at org.testng.internal.TestMethodWorker.run(TestMethodWorker.java:111)
	at org.testng.TestRunner.privateRun(TestRunner.java:767)
	at org.testng.TestRunner.run(TestRunner.java:617)
	at org.testng.SuiteRunner.runTest(SuiteRunner.java:334)
	at org.testng.SuiteRunner.runSequentially(SuiteRunner.java:329)
	at org.testng.SuiteRunner.privateRun(SuiteRunner.java:291)
	at org.testng.SuiteRunner.run(SuiteRunner.java:240)
	at org.testng.SuiteRunnerWorker.runSuite(SuiteRunnerWorker.java:52)
	at org.testng.SuiteRunnerWorker.run(SuiteRunnerWorker.java:86)
	at org.testng.TestNG.runSuitesSequentially(TestNG.java:1224)
	at org.testng.TestNG.runSuitesLocally(TestNG.java:1149)
	at org.testng.TestNG.run(TestNG.java:1057)
	at org.testng.remote.RemoteTestNG.run(RemoteTestNG.java:111)
	at org.testng.remote.RemoteTestNG.initAndRun(RemoteTestNG.java:204)
	at org.testng.remote.RemoteTestNG.main(RemoteTestNG.java:175)
]]>
    </failure>
  </testcase> <!-- CoutinuePayAndVerify -->
  <testcase name="AutoLogintoBuyAndVerify" time="2.260" classname="com.emall.insurance.testcases.BuyPropertyInsuranceWithPendingStatusFlow"/>
  <testcase name="SwitchToOrderCenterAgain" time="0.001" classname="com.emall.insurance.testcases.BuyPropertyInsuranceWithPendingStatusFlow"/>
  <testcase name="VerifyOrderStatus_Pay" time="0.000" classname="com.emall.insurance.testcases.BuyPropertyInsuranceWithPendingStatusFlow"/>
  <testcase name="VerifyOrderTotalAmount" time="2.103" classname="com.emall.insurance.testcases.BuyPropertyInsuranceWithPendingStatusFlow"/>
  <testcase name="SwitchToOrderCenter" time="10.497" classname="com.emall.insurance.testcases.BuyPropertyInsuranceWithPendingStatusFlow"/>
  <testcase name="CoverQuicklyAndVerify" time="7.301" classname="com.emall.insurance.testcases.BuyPropertyInsuranceWithPendingStatusFlow"/>
  <testcase name="QuotePageAndVerify" time="12.327" classname="com.emall.insurance.testcases.BuyPropertyInsuranceWithPendingStatusFlow"/>
  <testcase name="SubmitPaymentInfoAndVerify" time="0.001" classname="com.emall.insurance.testcases.BuyPropertyInsuranceWithPendingStatusFlow"/>
  <testcase name="SearchInsuranceAndVerify" time="22.099" classname="com.emall.insurance.testcases.BuyPropertyInsuranceWithPendingStatusFlow"/>
  <testcase name="SubmintInsurance" time="40.423" classname="com.emall.insurance.testcases.BuyPropertyInsuranceWithPendingStatusFlow"/>
  <testcase name="BuyQuicklyAndVerify" time="12.464" classname="com.emall.insurance.testcases.BuyPropertyInsuranceWithPendingStatusFlow"/>
  <testcase name="RegisterFcmmcore" time="58.395" classname="com.emall.insurance.testcases.BuyPropertyInsuranceWithPendingStatusFlow"/>
  <testcase name="SelectPaymentPattern" time="0.001" classname="com.emall.insurance.testcases.BuyPropertyInsuranceWithPendingStatusFlow"/>
  <testcase name="InputInsuranceInfoWithAutoLogin" time="29.440" classname="com.emall.insurance.testcases.BuyPropertyInsuranceWithPendingStatusFlow"/>
  <testcase name="VerifyOrderStatus_NoHandle" time="18.895" classname="com.emall.insurance.testcases.BuyPropertyInsuranceWithPendingStatusFlow"/>
  <testcase name="ShowInsuranceInfoAndVerify" time="7.350" classname="com.emall.insurance.testcases.BuyPropertyInsuranceWithPendingStatusFlow"/>
</testsuite> <!-- com.emall.insurance.testcases.BuyPropertyInsuranceWithPendingStatusFlow -->
